<?xml version="1.0" encoding="UTF-8"?>
<coverage generated="1733257062913" clover="3.2.0">
  <project timestamp="1733257062913" name="All files">
    <metrics statements="5" coveredstatements="5" conditionals="3" coveredconditionals="3" methods="2" coveredmethods="2" elements="10" coveredelements="10" complexity="0" loc="5" ncloc="5" packages="1" files="2" classes="2"/>
    <file name="App.tsx" path="C:/Users/gozde/Desktop/JSU/Testning_Typescript/BucketList/frontend/src/App.tsx">
      <metrics statements="4" coveredstatements="4" conditionals="3" coveredconditionals="3" methods="2" coveredmethods="2"/>
      <line num="1" count="8" type="cond" truecount="3" falsecount="0"/>
      <line num="4" count="1" type="stmt"/>
      <line num="5" count="1" type="stmt"/>
      <line num="11" count="1" type="stmt"/>
    </file>
    <file name="main.tsx" path="C:/Users/gozde/Desktop/JSU/Testning_Typescript/BucketList/frontend/src/main.tsx">
      <metrics statements="1" coveredstatements="1" conditionals="0" coveredconditionals="0" methods="0" coveredmethods="0"/>
      <line num="5" count="1" type="stmt"/>
    </file>
  </project>
</coverage>
