{"C:/Users/gozde/Desktop/JSU/Testning_Typescript/BucketList-First/frontend/src/App.tsx": {"path":"C:/Users/gozde/Desktop/JSU/Testning_Typescript/BucketList-First/frontend/src/App.tsx","statementMap":{"0":{"start":{"line":1,"column":18},"end":{"line":1,"column":null}},"1":{"start":{"line":5,"column":2},"end":{"line":9,"column":null}},"2":{"start":{"line":11,"column":1},"end":{"line":4,"column":27}},"3":{"start":{"line":4,"column":27},"end":{"line":4,"column":30}}},"fnMap":{"0":{"name":"(anonymous_0)","decl":{"start":{"line":1,"column":18},"end":{"line":1,"column":null}},"loc":{"start":{"line":1,"column":18},"end":{"line":1,"column":null}}},"1":{"name":"App","decl":{"start":{"line":4,"column":24},"end":{"line":4,"column":27}},"loc":{"start":{"line":4,"column":30},"end":{"line":11,"column":1}}}},"branchMap":{"0":{"loc":{"start":{"line":1,"column":18},"end":{"line":1,"column":null}},"type":"binary-expr","locations":[{"start":{"line":1,"column":18},"end":{"line":1,"column":null}},{"start":{"line":1,"column":18},"end":{"line":1,"column":null}}]},"1":{"loc":{"start":{"line":1,"column":18},"end":{"line":1,"column":null}},"type":"if","locations":[{"start":{"line":1,"column":18},"end":{"line":1,"column":null}}]}},"s":{"0":16,"1":2,"2":2,"3":2},"f":{"0":2,"1":2},"b":{"0":[4,2],"1":[2]}}
,"C:/Users/gozde/Desktop/JSU/Testning_Typescript/BucketList-First/frontend/src/main.tsx": {"path":"C:/Users/gozde/Desktop/JSU/Testning_Typescript/BucketList-First/frontend/src/main.tsx","statementMap":{"0":{"start":{"line":5,"column":0},"end":{"line":5,"column":null}}},"fnMap":{},"branchMap":{},"s":{"0":2},"f":{},"b":{}}
}
